c:\users\zhouwenhao\desktop\测试\测试\debug\vc140.pdb
c:\users\zhouwenhao\desktop\测试\测试\debug\vc140.idb
c:\users\zhouwenhao\desktop\测试\测试\debug\源.obj
c:\users\zhouwenhao\desktop\测试\测试\debug\font.obj
c:\users\zhouwenhao\desktop\测试\测试\debug\计分.obj
c:\users\zhouwenhao\desktop\测试\测试\debug\game.obj
c:\users\zhouwenhao\desktop\测试\测试\debug\shader.obj
c:\users\zhouwenhao\desktop\测试\测试\debug\texture.obj
c:\users\zhouwenhao\desktop\测试\测试\debug\resourse_manager.obj
c:\users\zhouwenhao\desktop\测试\测试\debug\sprite_renderer.obj
c:\users\zhouwenhao\desktop\测试\测试\debug\game_object.obj
c:\users\zhouwenhao\desktop\测试\测试\debug\game_level.obj
c:\users\zhouwenhao\desktop\测试\测试\debug\main.obj
c:\users\zhouwenhao\desktop\测试\测试\debug\textrenderer.obj
c:\users\zhouwenhao\desktop\测试 - 副本\测试\debug\vc140.pdb
c:\users\zhouwenhao\desktop\测试 - 副本\测试\debug\vc140.idb
c:\users\zhouwenhao\desktop\测试 - 副本\测试\debug\game.obj
c:\users\zhouwenhao\desktop\测试 - 副本\测试\debug\game_level.obj
c:\users\zhouwenhao\desktop\测试 - 副本\测试\debug\game_object.obj
c:\users\zhouwenhao\desktop\测试 - 副本\测试\debug\main.obj
c:\users\zhouwenhao\desktop\测试 - 副本\测试\debug\resourse_manager.obj
c:\users\zhouwenhao\desktop\测试 - 副本\测试\debug\shader.obj
c:\users\zhouwenhao\desktop\测试 - 副本\测试\debug\sprite_renderer.obj
c:\users\zhouwenhao\desktop\测试 - 副本\测试\debug\textrenderer.obj
c:\users\zhouwenhao\desktop\测试 - 副本\测试\debug\texture.obj
c:\users\zhouwenhao\desktop\测试 - 副本 - 副本\测试\debug\vc140.pdb
c:\users\zhouwenhao\desktop\测试 - 副本 - 副本\测试\debug\vc140.idb
c:\users\zhouwenhao\desktop\测试 - 副本 - 副本\测试\debug\game.obj
c:\users\zhouwenhao\desktop\测试 - 副本 - 副本\测试\debug\game_level.obj
c:\users\zhouwenhao\desktop\测试 - 副本 - 副本\测试\debug\game_object.obj
c:\users\zhouwenhao\desktop\测试 - 副本 - 副本\测试\debug\main.obj
c:\users\zhouwenhao\desktop\测试 - 副本 - 副本\测试\debug\resourse_manager.obj
c:\users\zhouwenhao\desktop\测试 - 副本 - 副本\测试\debug\shader.obj
c:\users\zhouwenhao\desktop\测试 - 副本 - 副本\测试\debug\sprite_renderer.obj
c:\users\zhouwenhao\desktop\测试 - 副本 - 副本\测试\debug\textrenderer.obj
c:\users\zhouwenhao\desktop\测试 - 副本 - 副本\测试\debug\texture.obj
c:\users\zhouwenhao\desktop\测试\debug\测试.ilk
c:\users\zhouwenhao\desktop\测试\debug\测试.exe
c:\users\zhouwenhao\desktop\测试\debug\测试.pdb
c:\users\zhouwenhao\desktop\测试 - 副本\debug\测试.ilk
c:\users\zhouwenhao\desktop\测试 - 副本\debug\测试.exe
c:\users\zhouwenhao\desktop\测试 - 副本\debug\测试.pdb
c:\users\zhouwenhao\desktop\测试 - 副本 - 副本\debug\测试.ilk
c:\users\zhouwenhao\desktop\测试 - 副本 - 副本\debug\测试.exe
c:\users\zhouwenhao\desktop\测试 - 副本 - 副本\debug\测试.pdb
c:\users\zhouwenhao\desktop\测试 - 副本 - 副本\测试\debug\font.obj
c:\users\zhouwenhao\desktop\测试 - 副本 - 副本\测试\debug\源.obj
c:\users\zhouwenhao\desktop\测试 - 副本 - 副本\测试\debug\计分.obj
c:\users\zhouwenhao\desktop\测试 - 副本 - 副本\测试\debug\测试.tlog\cl.command.1.tlog
c:\users\zhouwenhao\desktop\测试 - 副本 - 副本\测试\debug\测试.tlog\cl.read.1.tlog
c:\users\zhouwenhao\desktop\测试 - 副本 - 副本\测试\debug\测试.tlog\cl.write.1.tlog
c:\users\zhouwenhao\desktop\测试 - 副本 - 副本\测试\debug\测试.tlog\link.command.1.tlog
c:\users\zhouwenhao\desktop\测试 - 副本 - 副本\测试\debug\测试.tlog\link.read.1.tlog
c:\users\zhouwenhao\desktop\测试 - 副本 - 副本\测试\debug\测试.tlog\link.write.1.tlog
